<?xml version="1.0" encoding="UTF-8"?>
<!-- Generated by org.testng.reporters.JUnitXMLReporter -->
<testsuite hostname="DESKTOP-QNHJ5Q7" ignored="0" name="Test" tests="1" failures="0" timestamp="2022-12-08T01:39:28 PST" time="0.004" errors="0">
  <testcase name="@BeforeTest launchApp" time="-1.670492368082E9" classname="nopCommercelog4j.BaseTest">
    <failure type="org.testng.TestNGException" message="
Parameter &amp;apos;ibm_browser&amp;apos; is required by BeforeTest on method launchApp but has not been marked @Optional or defined
in C:\Users\Student\eclipse-workspace\com.ibm.selenium.day7.config\testngScreenshot.xml">
      <![CDATA[org.testng.TestNGException: 
Parameter 'ibm_browser' is required by BeforeTest on method launchApp but has not been marked @Optional or defined
in C:\Users\Student\eclipse-workspace\com.ibm.selenium.day7.config\testngScreenshot.xml
... Removed 25 stack frames]]>
    </failure>
  </testcase> <!-- @BeforeTest launchApp -->
  <testcase name="@AfterTest closeApp" time="0.0" classname="nopCommercelog4j.BaseTest">
    <skipped/>
  </testcase> <!-- @AfterTest closeApp -->
  <testcase name="verifyLogin" time="0.0" classname="nopCommercelog4j.LoginTest">
    <skipped/>
  </testcase> <!-- verifyLogin -->
</testsuite> <!-- Test -->
